app/build/outputs/logs/manifest-merger-debug-report.txt
-- Merging decision tree log ---
manifest
ADDED from src\main\AndroidManifest.xml:2:1-161:12
	package
		ADDED from src\main\AndroidManifest.xml:4:5-33
		INJECTED from src\main\AndroidManifest.xml
		INJECTED from src\main\AndroidManifest.xml
	android:versionName
		ADDED from src\main\AndroidManifest.xml:6:5-34
		INJECTED from src\main\AndroidManifest.xml
		INJECTED from src\main\AndroidManifest.xml
	xmlns:tools
		ADDED from src\main\AndroidManifest.xml:3:5-51
	android:versionCode
		ADDED from src\main\AndroidManifest.xml:5:5-30
		INJECTED from src\main\AndroidManifest.xml
		INJECTED from src\main\AndroidManifest.xml
	xmlns:android
		ADDED from src\main\AndroidManifest.xml:2:11-69
uses-sdk
ADDED from src\main\AndroidManifest.xml:8:5-10:41
	android:targetSdkVersion
		ADDED from src\main\AndroidManifest.xml:10:9-38
		INJECTED from src\main\AndroidManifest.xml
		INJECTED from src\main\AndroidManifest.xml
	android:minSdkVersion
		ADDED from src\main\AndroidManifest.xml:9:9-34
		INJECTED from src\main\AndroidManifest.xml
		INJECTED from src\main\AndroidManifest.xml
uses-permission#android.permission.INTERNET
ADDED from src\main\AndroidManifest.xml:12:5-67
	android:name
		ADDED from src\main\AndroidManifest.xml:12:22-64
uses-permission#android.permission.WRITE_EXTERNAL_STORAGE
ADDED from src\main\AndroidManifest.xml:13:5-81
	android:name
		ADDED from src\main\AndroidManifest.xml:13:22-78
uses-permission#android.permission.READ_PHONE_STATE
ADDED from src\main\AndroidManifest.xml:14:5-75
	android:name
		ADDED from src\main\AndroidManifest.xml:14:22-72
uses-permission#android.permission.RECEIVE_BOOT_COMPLETED
ADDED from src\main\AndroidManifest.xml:15:5-81
	android:name
		ADDED from src\main\AndroidManifest.xml:15:22-78
uses-permission#android.permission.INSTALL_PACKAGES
ADDED from src\main\AndroidManifest.xml:16:5-110
	tools:ignore
		ADDED from src\main\AndroidManifest.xml:16:73-108
	android:name
		ADDED from src\main\AndroidManifest.xml:16:22-72
uses-permission#com.android.launcher.permission.INSTALL_SHORTCUT
ADDED from src\main\AndroidManifest.xml:17:5-87
	android:name
		ADDED from src\main\AndroidManifest.xml:17:22-85
uses-permission#com.android.launcher.permission.READ_SETTINGS
ADDED from src\main\AndroidManifest.xml:18:5-84
	android:name
		ADDED from src\main\AndroidManifest.xml:18:22-82
uses-permission#android.permission.GET_TASKS
ADDED from src\main\AndroidManifest.xml:19:5-67
	android:name
		ADDED from src\main\AndroidManifest.xml:19:22-65
uses-permission#android.permission.ACCESS_WIFI_STATE
ADDED from src\main\AndroidManifest.xml:20:5-76
	android:name
		ADDED from src\main\AndroidManifest.xml:20:22-73
uses-permission#android.permission.ACCESS_NETWORK_STATE
ADDED from src\main\AndroidManifest.xml:21:5-79
	android:name
		ADDED from src\main\AndroidManifest.xml:21:22-76
application
ADDED from src\main\AndroidManifest.xml:23:5-159:19
	android:label
		ADDED from src\main\AndroidManifest.xml:27:9-41
	android:allowBackup
		ADDED from src\main\AndroidManifest.xml:25:9-35
	android:icon
		ADDED from src\main\AndroidManifest.xml:26:9-45
	android:theme
		ADDED from src\main\AndroidManifest.xml:28:9-56
	android:name
		ADDED from src\main\AndroidManifest.xml:24:9-58
activity#com.appmall.market.activity.MainActivity
ADDED from src\main\AndroidManifest.xml:29:9-44:20
	android:screenOrientation
		ADDED from src\main\AndroidManifest.xml:35:13-49
	android:label
		ADDED from src\main\AndroidManifest.xml:31:13-45
	android:launchMode
		ADDED from src\main\AndroidManifest.xml:34:13-44
	android:windowSoftInputMode
		ADDED from src\main\AndroidManifest.xml:33:13-52
	android:configChanges
		ADDED from src\main\AndroidManifest.xml:32:13-62
	android:name
		ADDED from src\main\AndroidManifest.xml:30:13-68
intent-filter#android.intent.action.MAIN+android.intent.category.LAUNCHER
ADDED from src\main\AndroidManifest.xml:37:13-40:27
action#android.intent.action.MAIN
ADDED from src\main\AndroidManifest.xml:38:17-69
	android:name
		ADDED from src\main\AndroidManifest.xml:38:25-66
category#android.intent.category.LAUNCHER
ADDED from src\main\AndroidManifest.xml:39:17-77
	android:name
		ADDED from src\main\AndroidManifest.xml:39:27-74
intent-filter#android.intent.action.CREATE_SHORTCUT
ADDED from src\main\AndroidManifest.xml:41:11-43:20
action#android.intent.action.CREATE_SHORTCUT
ADDED from src\main\AndroidManifest.xml:42:8-78
	android:name
		ADDED from src\main\AndroidManifest.xml:42:16-68
activity#com.appmall.market.activity.PromoteAcitivty
ADDED from src\main\AndroidManifest.xml:46:9-50:51
	android:screenOrientation
		ADDED from src\main\AndroidManifest.xml:50:13-49
	android:label
		ADDED from src\main\AndroidManifest.xml:48:13-45
	android:configChanges
		ADDED from src\main\AndroidManifest.xml:49:13-62
	android:name
		ADDED from src\main\AndroidManifest.xml:47:13-71
activity#com.appmall.market.activity.SearchActivity
ADDED from src\main\AndroidManifest.xml:52:9-57:51
	android:screenOrientation
		ADDED from src\main\AndroidManifest.xml:57:13-49
	android:label
		ADDED from src\main\AndroidManifest.xml:54:13-45
	android:windowSoftInputMode
		ADDED from src\main\AndroidManifest.xml:56:13-65
	android:configChanges
		ADDED from src\main\AndroidManifest.xml:55:13-62
	android:name
		ADDED from src\main\AndroidManifest.xml:53:13-70
activity#com.appmall.market.activity.ApplicationAcitivty
ADDED from src\main\AndroidManifest.xml:59:9-63:51
	android:screenOrientation
		ADDED from src\main\AndroidManifest.xml:63:13-49
	android:label
		ADDED from src\main\AndroidManifest.xml:61:13-45
	android:configChanges
		ADDED from src\main\AndroidManifest.xml:62:13-62
	android:name
		ADDED from src\main\AndroidManifest.xml:60:13-75
activity#com.appmall.market.activity.ManageAcitivty
ADDED from src\main\AndroidManifest.xml:65:9-69:51
	android:screenOrientation
		ADDED from src\main\AndroidManifest.xml:69:13-49
	android:label
		ADDED from src\main\AndroidManifest.xml:67:13-45
	android:configChanges
		ADDED from src\main\AndroidManifest.xml:68:13-62
	android:name
		ADDED from src\main\AndroidManifest.xml:66:13-70
activity#com.appmall.market.activity.CategoryDetailActivity
ADDED from src\main\AndroidManifest.xml:71:9-76:51
	android:screenOrientation
		ADDED from src\main\AndroidManifest.xml:76:13-49
	android:label
		ADDED from src\main\AndroidManifest.xml:73:13-45
	android:configChanges
		ADDED from src\main\AndroidManifest.xml:74:13-62
	android:theme
		ADDED from src\main\AndroidManifest.xml:75:13-72
	android:name
		ADDED from src\main\AndroidManifest.xml:72:13-78
activity#com.appmall.market.activity.AppDetailActivity
ADDED from src\main\AndroidManifest.xml:78:9-82:51
	android:screenOrientation
		ADDED from src\main\AndroidManifest.xml:82:13-49
	android:label
		ADDED from src\main\AndroidManifest.xml:80:13-45
	android:configChanges
		ADDED from src\main\AndroidManifest.xml:81:13-62
	android:name
		ADDED from src\main\AndroidManifest.xml:79:13-73
activity#com.appmall.market.activity.TopicDetailActivity
ADDED from src\main\AndroidManifest.xml:84:9-89:51
	android:screenOrientation
		ADDED from src\main\AndroidManifest.xml:89:13-49
	android:label
		ADDED from src\main\AndroidManifest.xml:86:13-45
	android:configChanges
		ADDED from src\main\AndroidManifest.xml:87:13-62
	android:theme
		ADDED from src\main\AndroidManifest.xml:88:13-72
	android:name
		ADDED from src\main\AndroidManifest.xml:85:13-75
activity#com.appmall.market.activity.SettingActivity
ADDED from src\main\AndroidManifest.xml:91:9-95:51
	android:screenOrientation
		ADDED from src\main\AndroidManifest.xml:95:13-49
	android:label
		ADDED from src\main\AndroidManifest.xml:93:13-45
	android:configChanges
		ADDED from src\main\AndroidManifest.xml:94:13-62
	android:name
		ADDED from src\main\AndroidManifest.xml:92:13-71
activity#com.appmall.market.activity.ManageDownloadActivity
ADDED from src\main\AndroidManifest.xml:97:9-101:51
	android:screenOrientation
		ADDED from src\main\AndroidManifest.xml:101:13-49
	android:label
		ADDED from src\main\AndroidManifest.xml:99:13-45
	android:configChanges
		ADDED from src\main\AndroidManifest.xml:100:13-62
	android:name
		ADDED from src\main\AndroidManifest.xml:98:13-78
activity#com.appmall.market.activity.CommentPostActivity
ADDED from src\main\AndroidManifest.xml:103:9-107:51
	android:screenOrientation
		ADDED from src\main\AndroidManifest.xml:107:13-49
	android:label
		ADDED from src\main\AndroidManifest.xml:105:13-45
	android:windowSoftInputMode
		ADDED from src\main\AndroidManifest.xml:106:13-55
	android:name
		ADDED from src\main\AndroidManifest.xml:104:13-75
activity#com.appmall.market.activity.AboutActivity
ADDED from src\main\AndroidManifest.xml:109:9-113:51
	android:screenOrientation
		ADDED from src\main\AndroidManifest.xml:113:13-49
	android:label
		ADDED from src\main\AndroidManifest.xml:111:13-45
	android:configChanges
		ADDED from src\main\AndroidManifest.xml:112:13-62
	android:name
		ADDED from src\main\AndroidManifest.xml:110:13-69
activity#com.appmall.market.activity.TermActivity
ADDED from src\main\AndroidManifest.xml:115:9-119:51
	android:screenOrientation
		ADDED from src\main\AndroidManifest.xml:119:13-49
	android:label
		ADDED from src\main\AndroidManifest.xml:117:13-45
	android:configChanges
		ADDED from src\main\AndroidManifest.xml:118:13-62
	android:name
		ADDED from src\main\AndroidManifest.xml:116:13-68
service#com.appmall.market.download.DownloadService
ADDED from src\main\AndroidManifest.xml:121:9-123:40
	android:label
		ADDED from src\main\AndroidManifest.xml:122:13-45
	android:exported
		ADDED from src\main\AndroidManifest.xml:123:13-37
	android:name
		ADDED from src\main\AndroidManifest.xml:121:18-76
service#com.appmall.market.common.AppService
ADDED from src\main\AndroidManifest.xml:125:9-127:40
	android:label
		ADDED from src\main\AndroidManifest.xml:126:13-45
	android:exported
		ADDED from src\main\AndroidManifest.xml:127:13-37
	android:name
		ADDED from src\main\AndroidManifest.xml:125:18-69
receiver#com.appmall.market.data.PkgChangeReceiver
ADDED from src\main\AndroidManifest.xml:129:9-137:20
	android:label
		ADDED from src\main\AndroidManifest.xml:130:13-45
	android:exported
		ADDED from src\main\AndroidManifest.xml:131:13-37
	android:name
		ADDED from src\main\AndroidManifest.xml:129:19-75
intent-filter#android.intent.action.PACKAGE_ADDED+android.intent.action.PACKAGE_REMOVED
ADDED from src\main\AndroidManifest.xml:132:13-136:29
action#android.intent.action.PACKAGE_ADDED
ADDED from src\main\AndroidManifest.xml:133:17-78
	android:name
		ADDED from src\main\AndroidManifest.xml:133:25-75
action#android.intent.action.PACKAGE_REMOVED
ADDED from src\main\AndroidManifest.xml:134:17-80
	android:name
		ADDED from src\main\AndroidManifest.xml:134:25-77
data
ADDED from src\main\AndroidManifest.xml:135:17-49
	android:scheme
		ADDED from src\main\AndroidManifest.xml:135:23-47
receiver#com.appmall.market.common.NotifycationReceive
ADDED from src\main\AndroidManifest.xml:139:9-143:20
	android:name
		ADDED from src\main\AndroidManifest.xml:139:19-79
intent-filter#com.appmall.market.action.notification
ADDED from src\main\AndroidManifest.xml:140:13-142:29
action#com.appmall.market.action.notification
ADDED from src\main\AndroidManifest.xml:141:17-81
	android:name
		ADDED from src\main\AndroidManifest.xml:141:25-78
receiver#com.appmall.market.common.NetworkStateReceiver
ADDED from src\main\AndroidManifest.xml:145:9-149:19
	android:name
		ADDED from src\main\AndroidManifest.xml:145:19-80
intent-filter#android.net.conn.CONNECTIVITY_CHANGE
ADDED from src\main\AndroidManifest.xml:146:12-148:28
action#android.net.conn.CONNECTIVITY_CHANGE
ADDED from src\main\AndroidManifest.xml:147:16-77
	android:name
		ADDED from src\main\AndroidManifest.xml:147:24-75
receiver#com.appmall.market.common.BootBroadcastReceiver
ADDED from src\main\AndroidManifest.xml:151:9-157:20
	android:label
		ADDED from src\main\AndroidManifest.xml:152:13-45
	android:name
		ADDED from src\main\AndroidManifest.xml:151:19-81
intent-filter#android.intent.action.BOOT_COMPLETED+android.intent.category.LAUNCHER
ADDED from src\main\AndroidManifest.xml:153:13-156:29
action#android.intent.action.BOOT_COMPLETED
ADDED from src\main\AndroidManifest.xml:154:17-79
	android:name
		ADDED from src\main\AndroidManifest.xml:154:25-76